<?xml version="1.0" encoding="UTF-8"?>
<testng-results ignored="0" total="1" passed="1" failed="0" skipped="0">
  <reporter-output>
  </reporter-output>
  <suite started-at="2023-07-03T17:23:12 IST" name="Default suite" finished-at="2023-07-03T17:23:14 IST" duration-ms="2842">
    <groups>
    </groups>
    <test started-at="2023-07-03T17:23:12 IST" name="Default test" finished-at="2023-07-03T17:23:14 IST" duration-ms="2842">
      <class name="ExcelDrivenTest">
        <test-method signature="addbook()[pri:0, instance:ExcelDrivenTest@4c60d6e9]" started-at="2023-07-03T17:23:12 IST" name="addbook" finished-at="2023-07-03T17:23:14 IST" duration-ms="2793" status="PASS">
          <reporter-output>
          </reporter-output>
        </test-method> <!-- addbook -->
      </class> <!-- ExcelDrivenTest -->
    </test> <!-- Default test -->
  </suite> <!-- Default suite -->
</testng-results>
